# JRE version: OpenJDK Runtime Environment Temurin-21.0.10+7 (21.0.10+7) (build 21.0.10+7-LTS)
# Java VM: OpenJDK 64-Bit Server VM Temurin-21.0.10+7 (21.0.10+7-LTS, mixed mode, sharing, tiered, compressed oops, compressed class ptrs, parallel gc, windows-amd64)
GC Precious Log:
 CardTable entry size: 512
 CPUs: 12 total, 12 available
 Memory: 16009M
 Large Page Support: Disabled
 NUMA Support: Disabled
 Compressed Oops: Enabled (32-bit)
 Alignments: Space 512K, Generation 512K, Heap 2M
 Heap Min Capacity: 100M
 Heap Initial Capacity: 100M
 Heap Max Capacity: 2G
 Pre-touch: Disabled
 Parallel Workers: 10
Heap:
 PSYoungGen      total 15360K, used 2848K [0x00000000d5580000, 0x00000000d7080000, 0x0000000100000000)
  eden space 14336K, 16% used [0x00000000d5580000,0x00000000d57d03c8,0x00000000d6380000)
  from space 1024K, 46% used [0x00000000d6e80000,0x00000000d6ef8000,0x00000000d6f80000)
  to   space 1024K, 0% used [0x00000000d6f80000,0x00000000d6f80000,0x00000000d7080000)
 ParOldGen       total 210432K, used 210209K [0x0000000080000000, 0x000000008cd80000, 0x00000000d5580000)
  object space 210432K, 99% used [0x0000000080000000,0x000000008cd48570,0x000000008cd80000)
 Metaspace       used 74152K, committed 75776K, reserved 1179648K
  class space    used 7995K, committed 8704K, reserved 1048576K
GC Heap History (20 events):
Event: 127.367 GC heap before
{Heap before GC invocations=125 (full 3):
 PSYoungGen      total 22528K, used 22048K [0x00000000d5580000, 0x00000000d7380000, 0x0000000100000000)
  eden space 14336K, 99% used [0x00000000d5580000,0x00000000d637fff8,0x00000000d6380000)
  from space 8192K, 94% used [0x00000000d6680000,0x00000000d6e08020,0x00000000d6e80000)
  to   space 5120K, 0% used [0x00000000d6e80000,0x00000000d6e80000,0x00000000d7380000)
 ParOldGen       total 175616K, used 175457K [0x0000000080000000, 0x000000008ab80000, 0x00000000d5580000)
  object space 175616K, 99% used [0x0000000080000000,0x000000008ab58430,0x000000008ab80000)
 Metaspace       used 70262K, committed 71808K, reserved 1114112K
  class space    used 7490K, committed 8192K, reserved 1048576K
}
Event: 127.380 GC heap after
{Heap after GC invocations=125 (full 3):
 PSYoungGen      total 19456K, used 5114K [0x00000000d5580000, 0x00000000d7380000, 0x0000000100000000)
  eden space 14336K, 0% used [0x00000000d5580000,0x00000000d5580000,0x00000000d6380000)
  from space 5120K, 99% used [0x00000000d6e80000,0x00000000d737e900,0x00000000d7380000)
  to   space 6144K, 0% used [0x00000000d6780000,0x00000000d6780000,0x00000000d6d80000)
 ParOldGen       total 183296K, used 183045K [0x0000000080000000, 0x000000008b300000, 0x00000000d5580000)
  object space 183296K, 99% used [0x0000000080000000,0x000000008b2c16e0,0x000000008b300000)
 Metaspace       used 70262K, committed 71808K, reserved 1114112K
  class space    used 7490K, committed 8192K, reserved 1048576K
}
Event: 127.501 GC heap before
{Heap before GC invocations=126 (full 3):
 PSYoungGen      total 19456K, used 19450K [0x00000000d5580000, 0x00000000d7380000, 0x0000000100000000)
  eden space 14336K, 100% used [0x00000000d5580000,0x00000000d6380000,0x00000000d6380000)
  from space 5120K, 99% used [0x00000000d6e80000,0x00000000d737e900,0x00000000d7380000)
  to   space 6144K, 0% used [0x00000000d6780000,0x00000000d6780000,0x00000000d6d80000)
 ParOldGen       total 183296K, used 183045K [0x0000000080000000, 0x000000008b300000, 0x00000000d5580000)
  object space 183296K, 99% used [0x0000000080000000,0x000000008b2c16e0,0x000000008b300000)
 Metaspace       used 70336K, committed 71872K, reserved 1114112K
  class space    used 7493K, committed 8192K, reserved 1048576K
}
Event: 127.517 GC heap after
{Heap after GC invocations=126 (full 3):
 PSYoungGen      total 20480K, used 6144K [0x00000000d5580000, 0x00000000d8580000, 0x0000000100000000)
  eden space 14336K, 0% used [0x00000000d5580000,0x00000000d5580000,0x00000000d6380000)
  from space 6144K, 100% used [0x00000000d6780000,0x00000000d6d80000,0x00000000d6d80000)
  to   space 17408K, 0% used [0x00000000d7480000,0x00000000d7480000,0x00000000d8580000)
 ParOldGen       total 192512K, used 192266K [0x0000000080000000, 0x000000008bc00000, 0x00000000d5580000)
  object space 192512K, 99% used [0x0000000080000000,0x000000008bbc28e0,0x000000008bc00000)
 Metaspace       used 70336K, committed 71872K, reserved 1114112K
  class space    used 7493K, committed 8192K, reserved 1048576K
}
Event: 127.621 GC heap before
{Heap before GC invocations=127 (full 3):
 PSYoungGen      total 20480K, used 20480K [0x00000000d5580000, 0x00000000d8580000, 0x0000000100000000)
  eden space 14336K, 100% used [0x00000000d5580000,0x00000000d6380000,0x00000000d6380000)
  from space 6144K, 100% used [0x00000000d6780000,0x00000000d6d80000,0x00000000d6d80000)
  to   space 17408K, 0% used [0x00000000d7480000,0x00000000d7480000,0x00000000d8580000)
 ParOldGen       total 192512K, used 192266K [0x0000000080000000, 0x000000008bc00000, 0x00000000d5580000)
  object space 192512K, 99% used [0x0000000080000000,0x000000008bbc28e0,0x000000008bc00000)
 Metaspace       used 70337K, committed 71872K, reserved 1114112K
  class space    used 7493K, committed 8192K, reserved 1048576K
}
Event: 127.636 GC heap after
{Heap after GC invocations=127 (full 3):
 PSYoungGen      total 25088K, used 10496K [0x00000000d5580000, 0x00000000d7f00000, 0x0000000100000000)
  eden space 14336K, 0% used [0x00000000d5580000,0x00000000d5580000,0x00000000d6380000)
  from space 10752K, 97% used [0x00000000d7480000,0x00000000d7ec0000,0x00000000d7f00000)
  to   space 12288K, 0% used [0x00000000d6700000,0x00000000d6700000,0x00000000d7300000)
 ParOldGen       total 198656K, used 198418K [0x0000000080000000, 0x000000008c200000, 0x00000000d5580000)
  object space 198656K, 99% used [0x0000000080000000,0x000000008c1c48f0,0x000000008c200000)
 Metaspace       used 70337K, committed 71872K, reserved 1114112K
  class space    used 7493K, committed 8192K, reserved 1048576K
}
Event: 127.761 GC heap before
{Heap before GC invocations=128 (full 3):
 PSYoungGen      total 25088K, used 24832K [0x00000000d5580000, 0x00000000d7f00000, 0x0000000100000000)
  eden space 14336K, 100% used [0x00000000d5580000,0x00000000d6380000,0x00000000d6380000)
  from space 10752K, 97% used [0x00000000d7480000,0x00000000d7ec0000,0x00000000d7f00000)
  to   space 12288K, 0% used [0x00000000d6700000,0x00000000d6700000,0x00000000d7300000)
 ParOldGen       total 198656K, used 198418K [0x0000000080000000, 0x000000008c200000, 0x00000000d5580000)
  object space 198656K, 99% used [0x0000000080000000,0x000000008c1c48f0,0x000000008c200000)
 Metaspace       used 70455K, committed 72000K, reserved 1114112K
  class space    used 7504K, committed 8192K, reserved 1048576K
}
Event: 127.778 GC heap after
{Heap after GC invocations=128 (full 3):
 PSYoungGen      total 15360K, used 602K [0x00000000d5580000, 0x00000000d7500000, 0x0000000100000000)
  eden space 14336K, 0% used [0x00000000d5580000,0x00000000d5580000,0x00000000d6380000)
  from space 1024K, 58% used [0x00000000d6700000,0x00000000d6796900,0x00000000d6800000)
  to   space 4608K, 0% used [0x00000000d7080000,0x00000000d7080000,0x00000000d7500000)
 ParOldGen       total 208896K, used 208794K [0x0000000080000000, 0x000000008cc00000, 0x00000000d5580000)
  object space 208896K, 99% used [0x0000000080000000,0x000000008cbe68f0,0x000000008cc00000)
 Metaspace       used 70455K, committed 72000K, reserved 1114112K
  class space    used 7504K, committed 8192K, reserved 1048576K
}
Event: 129.002 GC heap before
{Heap before GC invocations=129 (full 3):
 PSYoungGen      total 15360K, used 14938K [0x00000000d5580000, 0x00000000d7500000, 0x0000000100000000)
  eden space 14336K, 100% used [0x00000000d5580000,0x00000000d6380000,0x00000000d6380000)
  from space 1024K, 58% used [0x00000000d6700000,0x00000000d6796900,0x00000000d6800000)
  to   space 4608K, 0% used [0x00000000d7080000,0x00000000d7080000,0x00000000d7500000)
 ParOldGen       total 208896K, used 208794K [0x0000000080000000, 0x000000008cc00000, 0x00000000d5580000)
  object space 208896K, 99% used [0x0000000080000000,0x000000008cbe68f0,0x000000008cc00000)
 Metaspace       used 70664K, committed 72192K, reserved 1114112K
  class space    used 7528K, committed 8192K, reserved 1048576K
}
Event: 129.004 GC heap after
{Heap after GC invocations=129 (full 3):
 PSYoungGen      total 15872K, used 1322K [0x00000000d5580000, 0x00000000d7200000, 0x0000000100000000)
  eden space 14336K, 0% used [0x00000000d5580000,0x00000000d5580000,0x00000000d6380000)
  from space 1536K, 86% used [0x00000000d7080000,0x00000000d71ca8e0,0x00000000d7200000)
  to   space 2048K, 0% used [0x00000000d6e00000,0x00000000d6e00000,0x00000000d7000000)
 ParOldGen       total 208896K, used 208866K [0x0000000080000000, 0x000000008cc00000, 0x00000000d5580000)
  object space 208896K, 99% used [0x0000000080000000,0x000000008cbf88f0,0x000000008cc00000)
 Metaspace       used 70664K, committed 72192K, reserved 1114112K
  class space    used 7528K, committed 8192K, reserved 1048576K
}
Event: 129.155 GC heap before
{Heap before GC invocations=130 (full 3):
 PSYoungGen      total 15872K, used 15547K [0x00000000d5580000, 0x00000000d7200000, 0x0000000100000000)
  eden space 14336K, 99% used [0x00000000d5580000,0x00000000d63643c8,0x00000000d6380000)
  from space 1536K, 86% used [0x00000000d7080000,0x00000000d71ca8e0,0x00000000d7200000)
  to   space 2048K, 0% used [0x00000000d6e00000,0x00000000d6e00000,0x00000000d7000000)
 ParOldGen       total 208896K, used 208866K [0x0000000080000000, 0x000000008cc00000, 0x00000000d5580000)
  object space 208896K, 99% used [0x0000000080000000,0x000000008cbf88f0,0x000000008cc00000)
 Metaspace       used 70696K, committed 72256K, reserved 1114112K
  class space    used 7528K, committed 8192K, reserved 1048576K
}
Event: 129.156 GC heap after
{Heap after GC invocations=130 (full 3):
 PSYoungGen      total 16384K, used 384K [0x00000000d5580000, 0x00000000d7100000, 0x0000000100000000)
  eden space 14336K, 0% used [0x00000000d5580000,0x00000000d5580000,0x00000000d6380000)
  from space 2048K, 18% used [0x00000000d6e00000,0x00000000d6e60000,0x00000000d7000000)
  to   space 1024K, 0% used [0x00000000d7000000,0x00000000d7000000,0x00000000d7100000)
 ParOldGen       total 209408K, used 209218K [0x0000000080000000, 0x000000008cc80000, 0x00000000d5580000)
  object space 209408K, 99% used [0x0000000080000000,0x000000008cc50900,0x000000008cc80000)
 Metaspace       used 70696K, committed 72256K, reserved 1114112K
  class space    used 7528K, committed 8192K, reserved 1048576K
}
Event: 129.224 GC heap before
{Heap before GC invocations=131 (full 3):
 PSYoungGen      total 16384K, used 14709K [0x00000000d5580000, 0x00000000d7100000, 0x0000000100000000)
  eden space 14336K, 99% used [0x00000000d5580000,0x00000000d637d5c0,0x00000000d6380000)
  from space 2048K, 18% used [0x00000000d6e00000,0x00000000d6e60000,0x00000000d7000000)
  to   space 1024K, 0% used [0x00000000d7000000,0x00000000d7000000,0x00000000d7100000)
 ParOldGen       total 209408K, used 209218K [0x0000000080000000, 0x000000008cc80000, 0x00000000d5580000)
  object space 209408K, 99% used [0x0000000080000000,0x000000008cc50900,0x000000008cc80000)
 Metaspace       used 70696K, committed 72256K, reserved 1114112K
  class space    used 7528K, committed 8192K, reserved 1048576K
}
Event: 129.226 GC heap after
{Heap after GC invocations=131 (full 3):
 PSYoungGen      total 14848K, used 441K [0x00000000d5580000, 0x00000000d7080000, 0x0000000100000000)
  eden space 14336K, 0% used [0x00000000d5580000,0x00000000d5580000,0x00000000d6380000)
  from space 512K, 86% used [0x00000000d7000000,0x00000000d706e638,0x00000000d7080000)
  to   space 512K, 0% used [0x00000000d6f80000,0x00000000d6f80000,0x00000000d7000000)
 ParOldGen       total 209920K, used 209434K [0x0000000080000000, 0x000000008cd00000, 0x00000000d5580000)
  object space 209920K, 99% used [0x0000000080000000,0x000000008cc86910,0x000000008cd00000)
 Metaspace       used 70696K, committed 72256K, reserved 1114112K
  class space    used 7528K, committed 8192K, reserved 1048576K
}
Event: 129.573 GC heap before
{Heap before GC invocations=132 (full 3):
 PSYoungGen      total 14848K, used 14777K [0x00000000d5580000, 0x00000000d7080000, 0x0000000100000000)
  eden space 14336K, 100% used [0x00000000d5580000,0x00000000d6380000,0x00000000d6380000)
  from space 512K, 86% used [0x00000000d7000000,0x00000000d706e638,0x00000000d7080000)
  to   space 512K, 0% used [0x00000000d6f80000,0x00000000d6f80000,0x00000000d7000000)
 ParOldGen       total 209920K, used 209434K [0x0000000080000000, 0x000000008cd00000, 0x00000000d5580000)
  object space 209920K, 99% used [0x0000000080000000,0x000000008cc86910,0x000000008cd00000)
 Metaspace       used 71698K, committed 73344K, reserved 1114112K
  class space    used 7631K, committed 8384K, reserved 1048576K
}
Event: 129.574 GC heap after
{Heap after GC invocations=132 (full 3):
 PSYoungGen      total 14848K, used 497K [0x00000000d5580000, 0x00000000d7080000, 0x0000000100000000)
  eden space 14336K, 0% used [0x00000000d5580000,0x00000000d5580000,0x00000000d6380000)
  from space 512K, 97% used [0x00000000d6f80000,0x00000000d6ffc5d8,0x00000000d7000000)
  to   space 512K, 0% used [0x00000000d7000000,0x00000000d7000000,0x00000000d7080000)
 ParOldGen       total 209920K, used 209538K [0x0000000080000000, 0x000000008cd00000, 0x00000000d5580000)
  object space 209920K, 99% used [0x0000000080000000,0x000000008cca0920,0x000000008cd00000)
 Metaspace       used 71698K, committed 73344K, reserved 1114112K
  class space    used 7631K, committed 8384K, reserved 1048576K
}
Event: 129.792 GC heap before
{Heap before GC invocations=133 (full 3):
 PSYoungGen      total 14848K, used 14833K [0x00000000d5580000, 0x00000000d7080000, 0x0000000100000000)
  eden space 14336K, 100% used [0x00000000d5580000,0x00000000d6380000,0x00000000d6380000)
  from space 512K, 97% used [0x00000000d6f80000,0x00000000d6ffc5d8,0x00000000d7000000)
  to   space 512K, 0% used [0x00000000d7000000,0x00000000d7000000,0x00000000d7080000)
 ParOldGen       total 209920K, used 209538K [0x0000000080000000, 0x000000008cd00000, 0x00000000d5580000)
  object space 209920K, 99% used [0x0000000080000000,0x000000008cca0920,0x000000008cd00000)
 Metaspace       used 73058K, committed 74688K, reserved 1179648K
  class space    used 7873K, committed 8576K, reserved 1048576K
}
Event: 129.794 GC heap after
{Heap after GC invocations=133 (full 3):
 PSYoungGen      total 14848K, used 506K [0x00000000d5580000, 0x00000000d7080000, 0x0000000100000000)
  eden space 14336K, 0% used [0x00000000d5580000,0x00000000d5580000,0x00000000d6380000)
  from space 512K, 99% used [0x00000000d7000000,0x00000000d707eb90,0x00000000d7080000)
  to   space 1024K, 0% used [0x00000000d6e80000,0x00000000d6e80000,0x00000000d6f80000)
 ParOldGen       total 210432K, used 209929K [0x0000000080000000, 0x000000008cd80000, 0x00000000d5580000)
  object space 210432K, 99% used [0x0000000080000000,0x000000008cd02510,0x000000008cd80000)
 Metaspace       used 73058K, committed 74688K, reserved 1179648K
  class space    used 7873K, committed 8576K, reserved 1048576K
}
Event: 9886.667 GC heap before
{Heap before GC invocations=134 (full 3):
 PSYoungGen      total 14848K, used 14842K [0x00000000d5580000, 0x00000000d7080000, 0x0000000100000000)
  eden space 14336K, 100% used [0x00000000d5580000,0x00000000d6380000,0x00000000d6380000)
  from space 512K, 99% used [0x00000000d7000000,0x00000000d707eb90,0x00000000d7080000)
  to   space 1024K, 0% used [0x00000000d6e80000,0x00000000d6e80000,0x00000000d6f80000)
 ParOldGen       total 210432K, used 209929K [0x0000000080000000, 0x000000008cd80000, 0x00000000d5580000)
  object space 210432K, 99% used [0x0000000080000000,0x000000008cd02510,0x000000008cd80000)
 Metaspace       used 74122K, committed 75776K, reserved 1179648K
  class space    used 7995K, committed 8704K, reserved 1048576K
}
Event: 9886.878 GC heap after
{Heap after GC invocations=134 (full 3):
 PSYoungGen      total 15360K, used 480K [0x00000000d5580000, 0x00000000d7080000, 0x0000000100000000)
  eden space 14336K, 0% used [0x00000000d5580000,0x00000000d5580000,0x00000000d6380000)
  from space 1024K, 46% used [0x00000000d6e80000,0x00000000d6ef8000,0x00000000d6f80000)
  to   space 1024K, 0% used [0x00000000d6f80000,0x00000000d6f80000,0x00000000d7080000)
 ParOldGen       total 210432K, used 210209K [0x0000000080000000, 0x000000008cd80000, 0x00000000d5580000)
  object space 210432K, 99% used [0x0000000080000000,0x000000008cd48570,0x000000008cd80000)
 Metaspace       used 74122K, committed 75776K, reserved 1179648K
  class space    used 7995K, committed 8704K, reserved 1048576K
}

